<?xml version="1.0" encoding="UTF-8"?>
<!-- Generated by org.testng.reporters.JUnitXMLReporter -->
<testsuite hostname="Sunil" name="Test" tests="1" failures="1" timestamp="11 Mar 2019 12:23:29 GMT" time="4.291" errors="0">
  <testcase name="enterBBPSDetails" time="4.22" classname="com.ro.bbpstestcases.BBPSTest">
    <failure type="org.openqa.selenium.NoSuchElementException" message="Cannot locate element with text: Uttar Pradesh Power Corp Ltd (UPPCL) - URBAN
For documentation on this error, please visit: http://seleniumhq.org/exceptions/no_such_element.html
Build info: version: &amp;apos;3.14.0&amp;apos;, revision: &amp;apos;aacccce0&amp;apos;, time: &amp;apos;2018-08-02T20:19:58.91Z&amp;apos;
System info: host: &amp;apos;SUNIL&amp;apos;, ip: &amp;apos;192.168.21.48&amp;apos;, os.name: &amp;apos;Windows 10&amp;apos;, os.arch: &amp;apos;amd64&amp;apos;, os.version: &amp;apos;10.0&amp;apos;, java.version: &amp;apos;1.8.0_201&amp;apos;
Driver info: driver.version: unknown">
      <![CDATA[org.openqa.selenium.NoSuchElementException: Cannot locate element with text: Uttar Pradesh Power Corp Ltd (UPPCL) - URBAN
For documentation on this error, please visit: http://seleniumhq.org/exceptions/no_such_element.html
Build info: version: '3.14.0', revision: 'aacccce0', time: '2018-08-02T20:19:58.91Z'
System info: host: 'SUNIL', ip: '192.168.21.48', os.name: 'Windows 10', os.arch: 'amd64', os.version: '10.0', java.version: '1.8.0_201'
Driver info: driver.version: unknown
	at org.openqa.selenium.support.ui.Select.selectByVisibleText(Select.java:151)
	at com.ro.bbps.BBPS.enterBBPSDetails(BBPS.java:58)
	at com.ro.bbpstestcases.BBPSTest.enterBBPSDetails(BBPSTest.java:24)
... Removed 25 stack frames]]>
    </failure>
  </testcase> <!-- enterBBPSDetails -->
</testsuite> <!-- Test -->
